<?xml version="1.0" encoding="UTF-8"?>
<!-- Generated by org.testng.reporters.JUnitReportReporter -->
<testsuite hostname="Bikashs-MacBook-Air.local" failures="0" tests="12" name="testM" time="12.683" errors="0" timestamp="2023-10-19T20:56:01 IST" skipped="0">
  <testcase classname="testM" name="login" time="0.103"/>
  <system-out>
    <![CDATA[Login Unsuccessful : Your password is invalid!]]>
  </system-out>
  <testcase classname="testM" name="login" time="0.115"/>
  <system-out>
    <![CDATA[Login Unsuccessful : Your password is invalid!]]>
  </system-out>
  <testcase classname="testM" name="login" time="1.879"/>
  <system-out>
    <![CDATA[Logged In Successfully
User has successfully Logged Out.]]>
  </system-out>
  <testcase classname="testM" name="login" time="0.246"/>
  <system-out>
    <![CDATA[Login Unsuccessful : Your username is invalid!]]>
  </system-out>
  <testcase classname="testM" name="login" time="0.238"/>
  <system-out>
    <![CDATA[Login Unsuccessful : Your username is invalid!]]>
  </system-out>
  <testcase classname="testM" name="login" time="0.070"/>
  <system-out>
    <![CDATA[Login Unsuccessful : Your username is invalid!]]>
  </system-out>
  <testcase classname="testM" name="login" time="5.922"/>
  <system-out>
    <![CDATA[Logged In Successfully
User has successfully Logged Out.]]>
  </system-out>
  <testcase classname="testM" name="login" time="1.963"/>
  <system-out>
    <![CDATA[Logged In Successfully
User has successfully Logged Out.]]>
  </system-out>
  <testcase classname="testM" name="login" time="0.258"/>
  <system-out>
    <![CDATA[Login Unsuccessful : Your password is invalid!]]>
  </system-out>
  <testcase classname="testM" name="login" time="0.627"/>
  <system-out>
    <![CDATA[Login Unsuccessful : Your username is invalid!]]>
  </system-out>
  <testcase classname="testM" name="login" time="0.099"/>
  <system-out>
    <![CDATA[Login Unsuccessful : Your username is invalid!]]>
  </system-out>
  <testcase classname="testM" name="login" time="1.163"/>
  <system-out>
    <![CDATA[Login Unsuccessful : Your username is invalid!]]>
  </system-out>
</testsuite> <!-- testM -->
